<?xml version="1.0" encoding="UTF-8"?>
<!-- Generated by org.testng.reporters.JUnitXMLReporter -->
<testsuite ignored="0" hostname="LAPTOP-76HAPQ6V" failures="0" tests="3" name="Test" time="0.043" errors="0" timestamp="2023-01-05T15:28:40 IST">
  <testcase classname="TestNG.Example8_Sample1" name="TC1" time="0.006"/>
  <testcase classname="TestNG.Example8_Sample1" name="TC2" time="0.001"/>
  <testcase classname="TestNG.Example8_Sample1" name="TC3" time="0.001"/>
</testsuite> <!-- Test -->
